[2012-03-01 13:35:36] request.ERROR: Symfony\Component\HttpKernel\Exception\NotFoundHttpException: No route found for "GET /" (uncaught exception) at C:\xampp\htdocs\cupon\vendor\symfony\src\Symfony\Bundle\FrameworkBundle\EventListener\RouterListener.php line 83 [] []
[2012-03-01 15:49:11] request.ERROR: Symfony\Component\HttpKernel\Exception\NotFoundHttpException: No route found for "GET /ayuda" (uncaught exception) at C:\xampp\htdocs\cupon\vendor\symfony\src\Symfony\Bundle\FrameworkBundle\EventListener\RouterListener.php line 83 [] []
[2012-03-01 15:53:36] request.ERROR: Symfony\Component\HttpKernel\Exception\NotFoundHttpException: No route found for "GET /ayuda" (uncaught exception) at C:\xampp\htdocs\cupon\app\cache\prod\classes.php line 4564 [] []
[2012-03-01 15:53:38] request.ERROR: Symfony\Component\HttpKernel\Exception\NotFoundHttpException: No route found for "GET /ayuda" (uncaught exception) at C:\xampp\htdocs\cupon\app\cache\prod\classes.php line 4564 [] []
[2012-03-01 15:53:51] request.ERROR: Symfony\Component\HttpKernel\Exception\NotFoundHttpException: No route found for "GET /ayuda" (uncaught exception) at C:\xampp\htdocs\cupon\app\cache\prod\classes.php line 4564 [] []
[2012-03-01 16:16:50] request.ERROR: Symfony\Component\HttpKernel\Exception\NotFoundHttpException: No route found for "GET /cupon/web/app_dev.php" (uncaught exception) at C:\xampp\htdocs\cupon\app\cache\prod\classes.php line 4564 [] []
[2012-03-06 10:26:18] request.ERROR: Symfony\Component\HttpKernel\Exception\NotFoundHttpException: No route found for "GET /" (uncaught exception) at C:\xampp\htdocs\cupon\app\cache\prod\classes.php line 4564 [] []
[2012-03-06 10:37:57] request.ERROR: Symfony\Component\HttpKernel\Exception\NotFoundHttpException: No route found for "GET /" (uncaught exception) at C:\xampp\htdocs\cupon\app\cache\prod\classes.php line 4564 [] []
[2012-03-06 10:38:12] request.ERROR: Symfony\Component\HttpKernel\Exception\NotFoundHttpException: No route found for "GET /xampp/" (uncaught exception) at C:\xampp\htdocs\cupon\app\cache\prod\classes.php line 4564 [] []
[2012-03-06 12:46:57] request.ERROR: Symfony\Component\HttpKernel\Exception\NotFoundHttpException: No route found for "GET /cupon" (uncaught exception) at C:\xampp\htdocs\cupon\app\cache\prod\classes.php line 4564 [] []
[2012-03-06 12:46:58] request.ERROR: Symfony\Component\HttpKernel\Exception\NotFoundHttpException: No route found for "GET /" (uncaught exception) at C:\xampp\htdocs\cupon\app\cache\prod\classes.php line 4564 [] []
[2012-03-06 12:47:14] request.ERROR: Symfony\Component\HttpKernel\Exception\NotFoundHttpException: No route found for "GET /cupon/web/app_dev.php/sitio/ayuda" (uncaught exception) at C:\xampp\htdocs\cupon\app\cache\prod\classes.php line 4564 [] []
[2012-03-06 12:48:45] request.ERROR: Symfony\Component\HttpKernel\Exception\NotFoundHttpException: No route found for "GET /" (uncaught exception) at C:\xampp\htdocs\cupon\app\cache\prod\classes.php line 4564 [] []
[2012-03-06 12:49:27] request.ERROR: Symfony\Component\HttpKernel\Exception\NotFoundHttpException: No route found for "GET /" (uncaught exception) at C:\xampp\htdocs\cupon\app\cache\prod\classes.php line 4564 [] []
[2012-03-06 12:49:54] request.ERROR: Symfony\Component\HttpKernel\Exception\NotFoundHttpException: No route found for "GET /" (uncaught exception) at C:\xampp\htdocs\cupon\app\cache\prod\classes.php line 4564 [] []
[2012-03-06 12:50:07] request.ERROR: Symfony\Component\HttpKernel\Exception\NotFoundHttpException: No route found for "GET /xamp/" (uncaught exception) at C:\xampp\htdocs\cupon\app\cache\prod\classes.php line 4564 [] []
[2012-03-06 12:54:40] request.ERROR: Symfony\Component\HttpKernel\Exception\NotFoundHttpException: No route found for "GET /" (uncaught exception) at C:\xampp\htdocs\cupon\app\cache\prod\classes.php line 4564 [] []
[2012-03-06 12:54:59] request.ERROR: Symfony\Component\HttpKernel\Exception\NotFoundHttpException: No route found for "HEAD /xampp/index.html" (uncaught exception) at C:\xampp\htdocs\cupon\app\cache\prod\classes.php line 4564 [] []
[2012-03-06 12:55:53] request.ERROR: Symfony\Component\HttpKernel\Exception\NotFoundHttpException: No route found for "GET /" (uncaught exception) at C:\xampp\htdocs\cupon\app\cache\prod\classes.php line 4564 [] []
[2012-03-07 13:55:46] request.ERROR: Symfony\Component\HttpKernel\Exception\NotFoundHttpException: No route found for "GET /uploads/images/foto7.jpg" (uncaught exception) at C:\xampp\htdocs\cupon\app\cache\prod\classes.php line 4564 [] []
[2012-03-08 09:27:55] request.ERROR: Symfony\Component\HttpKernel\Exception\NotFoundHttpException: No route found for "GET /" (uncaught exception) at C:\xampp\htdocs\cupon\app\cache\prod\classes.php line 4564 [] []
[2012-03-12 12:37:01] request.ERROR: Symfony\Component\HttpKernel\Exception\NotFoundHttpException: No route found for "GET /uploads/images/foto6.jpg" (uncaught exception) at C:\xampp\htdocs\cupon\app\cache\prod\classes.php line 4564 [] []
[2012-03-12 12:37:34] request.ERROR: Symfony\Component\HttpKernel\Exception\NotFoundHttpException: No route found for "GET /uploads/images/foto16.jpg" (uncaught exception) at C:\xampp\htdocs\cupon\app\cache\prod\classes.php line 4564 [] []
[2012-03-12 15:35:21] request.ERROR: Symfony\Component\HttpKernel\Exception\NotFoundHttpException: No route found for "GET /uploads/images/foto16.jpg" (uncaught exception) at C:\xampp\htdocs\cupon\app\cache\prod\classes.php line 4564 [] []
[2012-03-12 15:37:27] request.ERROR: Symfony\Component\HttpKernel\Exception\NotFoundHttpException: No route found for "GET /uploads/images/foto16.jpg" (uncaught exception) at C:\xampp\htdocs\cupon\app\cache\prod\classes.php line 4564 [] []
[2012-03-12 15:38:33] request.ERROR: Symfony\Component\HttpKernel\Exception\NotFoundHttpException: No route found for "GET /uploads/images/foto16.jpg" (uncaught exception) at C:\xampp\htdocs\cupon\app\cache\prod\classes.php line 4564 [] []
[2012-03-12 15:41:19] request.ERROR: Symfony\Component\HttpKernel\Exception\NotFoundHttpException: No route found for "GET /uploads/images/foto16.jpg" (uncaught exception) at C:\xampp\htdocs\cupon\app\cache\prod\classes.php line 4564 [] []
[2012-03-12 15:44:31] request.ERROR: Symfony\Component\HttpKernel\Exception\NotFoundHttpException: No route found for "GET /uploads/images/foto6.jpg" (uncaught exception) at C:\xampp\htdocs\cupon\app\cache\prod\classes.php line 4564 [] []
